<?xml version="1.0" encoding="UTF-8"?>
<!-- Generated by org.testng.reporters.JUnitReportReporter -->
<testsuite hostname="INIZAMIYEVA" name="com.example.tests.GroupCreationTests" tests="2" failures="0" timestamp="28 Jan 2015 19:01:46 GMT" time="2.716" errors="0">
  <testcase name="testEmptyGroupCreation" time="1.532" classname="com.example.tests.GroupCreationTests"/>
  <testcase name="testNonEmptyGroupCreation" time="1.184" classname="com.example.tests.GroupCreationTests"/>
</testsuite> <!-- com.example.tests.GroupCreationTests -->
